<?xml version="1.0" encoding="UTF-8"?>
<testng-results ignored="0" total="1" passed="1" failed="0" skipped="0">
  <reporter-output>
  </reporter-output>
  <suite started-at="2022-12-10T16:26:33 IST" name="TestScriptsClass.TestBaseClass" finished-at="2022-12-10T16:26:42 IST" duration-ms="8599">
    <groups>
    </groups>
    <test started-at="2022-12-10T16:26:33 IST" name="Command line test" finished-at="2022-12-10T16:26:42 IST" duration-ms="8599">
      <class name="TestScriptsClass.TestBaseClass">
        <test-method signature="callbrowserdriver()[pri:0, instance:TestScriptsClass.TestBaseClass@6e38921c]" started-at="2022-12-10T16:26:33 IST" name="callbrowserdriver" finished-at="2022-12-10T16:26:42 IST" duration-ms="8551" status="PASS">
          <reporter-output>
          </reporter-output>
        </test-method> <!-- callbrowserdriver -->
      </class> <!-- TestScriptsClass.TestBaseClass -->
    </test> <!-- Command line test -->
  </suite> <!-- TestScriptsClass.TestBaseClass -->
</testng-results>
